ERROR:root:Ошибка в строке '"Вода" 2025.08.28 123.45 "ежедневно" true': Некорректное значение периодичности.
ERROR:root:Ошибка в строке '"Газ" 2025.05.11 104.42 "ежегодно" false': Некорректное значение периодичности.
ERROR:root:Ошибка в строке '"Свет" 2025.12.21 111.43 "ежедневно" true': Некорректное значение периодичности.
ERROR:root:Ошибка в строке '"Тепло" 2025.03.22 107.8 "ежемесячно" true': Некорректное значение периодичности.
ERROR:root:Ошибка при сохранении в файл: expected str, bytes or os.PathLike object, not list
ERROR:root:Ошибка при добавлении ресурса: could not convert string to float: ''
ERROR:root:Ошибка при сохранении в файл: expected str, bytes or os.PathLike object, not list
ERROR:root:Ошибка при чтении строки 'Вода 2025-08-28 123.45 ежедневно исправен': Дата должна быть в формате ГГГГ.ММ.ДД и быть корректной.
ERROR:root:Ошибка в строке 'Вода 2025-08-28 123.45 ежедневно исправен': Дата должна быть в формате ГГГГ.ММ.ДД и быть корректной.
ERROR:root:Ошибка в строке 'Газ 2025-05-11 104.42 еженедельно неисправен': Дата должна быть в формате ГГГГ.ММ.ДД и быть корректной.
ERROR:root:Ошибка в строке 'Свет 2025-12-21 111.43 ежедневно исправен': Дата должна быть в формате ГГГГ.ММ.ДД и быть корректной.
ERROR:root:Ошибка в строке 'Тепло 2023-05-04 312.45 ежедневно исправен': Дата должна быть в формате ГГГГ.ММ.ДД и быть корректной.
ERROR:root:Ошибка в строке 'Вода 2025-08-28 123.45 ежедневно исправен': Дата должна быть в формате ГГГГ.ММ.ДД и быть корректной.
ERROR:root:Ошибка в строке 'Газ 2025-05-11 104.42 еженедельно неисправен': Дата должна быть в формате ГГГГ.ММ.ДД и быть корректной.
ERROR:root:Ошибка в строке 'Свет 2025-12-21 111.43 ежедневно исправен': Дата должна быть в формате ГГГГ.ММ.ДД и быть корректной.
ERROR:root:Ошибка в строке 'Тепло 2023-05-04 312.45 ежедневно исправен': Дата должна быть в формате ГГГГ.ММ.ДД и быть корректной.
ERROR:root:Ошибка в строке 'Вода 2025-08-28 123.45 ежедневно исправен': Дата должна быть в формате ГГГГ.ММ.ДД и быть корректной.
ERROR:root:Ошибка в строке 'Газ 2025-05-11 104.42 еженедельно неисправен': Дата должна быть в формате ГГГГ.ММ.ДД и быть корректной.
ERROR:root:Ошибка в строке 'Свет 2025-12-21 111.43 ежедневно исправен': Дата должна быть в формате ГГГГ.ММ.ДД и быть корректной.
ERROR:root:Ошибка в строке 'Тепло 2023-05-04 312.45 ежедневно исправен': Дата должна быть в формате ГГГГ.ММ.ДД и быть корректной.
ERROR:root:Ошибка в строке 'Вода 2025-08-28 123.45 ежедневно исправен': Дата должна быть в формате ГГГГ.ММ.ДД и быть корректной.
ERROR:root:Ошибка в строке 'Газ 2025-05-11 104.42 еженедельно неисправен': Дата должна быть в формате ГГГГ.ММ.ДД и быть корректной.
ERROR:root:Ошибка в строке 'Свет 2025-12-21 111.43 ежедневно исправен': Дата должна быть в формате ГГГГ.ММ.ДД и быть корректной.
